05/Oct/2021 14:16:28,685- root: Inside the block
05/Oct/2021 14:16:28,689- root: Enter the number 
05/Oct/2021 14:16:31,757- root: entered key := 1
05/Oct/2021 14:16:31,989- root: Employee details are added
05/Oct/2021 14:16:31,989- root: Enter the number 
05/Oct/2021 14:16:34,086- root: entered key := 2
05/Oct/2021 14:16:34,220- root: Employee [EmpId=1003, FirstName=sujana, LastName=veyuru, Address=Warangal, EmailAddress=sujana@gmail.com, PhoneNumber=9564367660, BirthDays=1994-03-09, WeddingAnniversary=2013-02-04]
05/Oct/2021 14:16:34,221- root: Employee [EmpId=1004, FirstName=swathi, LastName=cheryala, Address=Warangal, EmailAddress=swathi@gmail.com, PhoneNumber=9564676760, BirthDays=1995-03-09, WeddingAnniversary=2014-02-04]
05/Oct/2021 14:16:34,222- root: Employee [EmpId=1001, FirstName=ramesh, LastName=mariyala, Address=Hyderabad, EmailAddress=ramesh@gmail.com, PhoneNumber=9787767660, BirthDays=1995-07-12, WeddingAnniversary=2012-09-10]
05/Oct/2021 14:16:34,222- root: Employee [EmpId=1002, FirstName=sony, LastName=ganji, Address=Hyderabad, EmailAddress=sony@gmail.com, PhoneNumber=9781566660, BirthDays=1996-05-11, WeddingAnniversary=2013-10-10]
05/Oct/2021 14:16:34,222- root: Enter the number 
05/Oct/2021 14:16:36,811- root: entered key := 3
05/Oct/2021 14:16:36,811- root: Enter fisrtname of any employee : 
05/Oct/2021 14:16:42,495- root: Employee [EmpId=1004, FirstName=swathi, LastName=cheryala, Address=Warangal, EmailAddress=swathi@gmail.com, PhoneNumber=9564676760, BirthDays=1995-03-09, WeddingAnniversary=2014-02-04]
05/Oct/2021 14:16:42,495- root: Enter the number 
05/Oct/2021 14:16:44,568- root: entered key := 4
05/Oct/2021 14:16:44,570- root: Row updated
05/Oct/2021 14:16:44,571- root: Enter the number 
05/Oct/2021 14:16:47,971- root: entered key := 2
05/Oct/2021 14:16:47,974- root: Employee [EmpId=1003, FirstName=sujana, LastName=veyuru, Address=Warangal, EmailAddress=sujana@gmail.com, PhoneNumber=9564367660, BirthDays=1994-03-09, WeddingAnniversary=2013-02-04]
05/Oct/2021 14:16:47,974- root: Employee [EmpId=1004, FirstName=swathi, LastName=cheryala, Address=Warangal, EmailAddress=swathi@gmail.com, PhoneNumber=9564676760, BirthDays=1995-03-09, WeddingAnniversary=2014-02-04]
05/Oct/2021 14:16:47,974- root: Employee [EmpId=1001, FirstName=ramesh, LastName=mariyala, Address=Chennai, EmailAddress=ramesh@gmail.com, PhoneNumber=9787767660, BirthDays=1995-07-12, WeddingAnniversary=2012-09-10]
05/Oct/2021 14:16:47,975- root: Employee [EmpId=1002, FirstName=sony, LastName=ganji, Address=Hyderabad, EmailAddress=sony@gmail.com, PhoneNumber=9781566660, BirthDays=1996-05-11, WeddingAnniversary=2013-10-10]
05/Oct/2021 14:16:47,975- root: Enter the number 
05/Oct/2021 14:16:51,478- root: entered key := 5
05/Oct/2021 14:16:51,481- root: Employee [EmpId=1004, FirstName=swathi, LastName=cheryala, Address=Warangal, EmailAddress=swathi@gmail.com, PhoneNumber=9564676760, BirthDays=1995-03-09, WeddingAnniversary=2014-02-04]
05/Oct/2021 14:16:51,482- root: Enter the number 
05/Oct/2021 14:16:53,745- root: entered key := 6
05/Oct/2021 14:16:53,747- root: Employee [EmpId=1002, FirstName=sony, LastName=ganji, Address=Hyderabad, EmailAddress=sony@gmail.com, PhoneNumber=9781566660, BirthDays=1996-05-11, WeddingAnniversary=2013-10-10]
05/Oct/2021 14:16:53,748- root: Enter the number 
05/Oct/2021 14:16:57,135- root: entered key := 7
05/Oct/2021 14:16:57,137- root: Employee Name: sujana, Phone Number : 9564367660
05/Oct/2021 14:16:57,137- root: Employee Name: swathi, Phone Number : 9564676760
05/Oct/2021 14:16:57,138- root: Employee Name: ramesh, Phone Number : 9787767660
05/Oct/2021 14:16:57,138- root: Employee Name: sony, Phone Number : 9781566660
05/Oct/2021 14:16:57,138- root: Enter the number 
05/Oct/2021 14:17:01,000- root: entered key := 8
05/Oct/2021 14:17:01,000- root: Enter Employee Id
05/Oct/2021 14:17:04,987- root: Employee [EmpId=1003, FirstName=sujana, LastName=veyuru, Address=Warangal, EmailAddress=sujana@gmail.com, PhoneNumber=9564367660, BirthDays=1994-03-09, WeddingAnniversary=2013-02-04]
05/Oct/2021 14:17:04,988- root: Enter the number 
05/Oct/2021 14:17:07,921- root: entered key := 9
05/Oct/2021 14:17:07,924- root: one row deleted
05/Oct/2021 14:17:07,924- root: Enter the number 
05/Oct/2021 14:17:11,427- root: entered key := 2
05/Oct/2021 14:17:11,432- root: Employee [EmpId=1003, FirstName=sujana, LastName=veyuru, Address=Warangal, EmailAddress=sujana@gmail.com, PhoneNumber=9564367660, BirthDays=1994-03-09, WeddingAnniversary=2013-02-04]
05/Oct/2021 14:17:11,432- root: Employee [EmpId=1001, FirstName=ramesh, LastName=mariyala, Address=Chennai, EmailAddress=ramesh@gmail.com, PhoneNumber=9787767660, BirthDays=1995-07-12, WeddingAnniversary=2012-09-10]
05/Oct/2021 14:17:11,432- root: Employee [EmpId=1002, FirstName=sony, LastName=ganji, Address=Hyderabad, EmailAddress=sony@gmail.com, PhoneNumber=9781566660, BirthDays=1996-05-11, WeddingAnniversary=2013-10-10]
05/Oct/2021 14:17:11,433- root: Enter the number 
05/Oct/2021 14:17:18,971- root: entered key := 10
05/Oct/2021 14:17:18,975- root: Data is Deleted from table
05/Oct/2021 14:17:18,975- root: Enter the number 
05/Oct/2021 14:17:21,018- root: entered key := 11
05/Oct/2021 15:24:45,573- root: Inside the block
05/Oct/2021 15:24:45,575- root: Enter the number 
05/Oct/2021 15:25:14,223- root: entered key := 11
